2/27/2016 10:18:25 PM	This log contains information about the import schema operation into project 'CastleBlack' on computer 'DEV13' by user 'vizconder'.
2/27/2016 10:18:25 PM	Import of database schema has started.
2/27/2016 10:18:36 PM	Gathering database options
2/27/2016 10:18:36 PM	Gathering users
2/27/2016 10:18:36 PM	Gathering roles
2/27/2016 10:18:36 PM	Gathering application roles
2/27/2016 10:18:36 PM	Gathering role memberships
2/27/2016 10:18:36 PM	Gathering filegroups
2/27/2016 10:18:36 PM	Gathering full-text catalogs
2/27/2016 10:18:36 PM	Gathering assemblies
2/27/2016 10:18:36 PM	Gathering certificates
2/27/2016 10:18:36 PM	Gathering asymmetric keys
2/27/2016 10:18:36 PM	Gathering symmetric keys
2/27/2016 10:18:36 PM	Gathering encrypted symmetric keys
2/27/2016 10:18:36 PM	Gathering schemas
2/27/2016 10:18:36 PM	Gathering XML schema collections
2/27/2016 10:18:36 PM	Gathering user-defined data types
2/27/2016 10:18:36 PM	Gathering user-defined types
2/27/2016 10:18:36 PM	Gathering table types
2/27/2016 10:18:36 PM	Gathering unique keys for table types
2/27/2016 10:18:36 PM	Gathering primary keys for table types
2/27/2016 10:18:36 PM	Gathering check constraints for table types
2/27/2016 10:18:36 PM	Gathering default constraints for table types
2/27/2016 10:18:36 PM	Gathering partition functions
2/27/2016 10:18:36 PM	Gathering partition schemes
2/27/2016 10:18:36 PM	Gathering functions
2/27/2016 10:18:36 PM	Gathering encrypted functions
2/27/2016 10:18:36 PM	Gathering aggregates
2/27/2016 10:18:36 PM	Gathering procedures
2/27/2016 10:18:36 PM	Gathering encrypted procedures
2/27/2016 10:18:36 PM	Gathering tables
2/27/2016 10:18:36 PM	Gathering primary keys
2/27/2016 10:18:36 PM	Gathering unique constraints
2/27/2016 10:18:36 PM	Gathering foreign keys
2/27/2016 10:18:36 PM	Gathering default constraints
2/27/2016 10:18:36 PM	Gathering check constraints
2/27/2016 10:18:36 PM	Gathering views
2/27/2016 10:18:36 PM	Gathering encrypted views
2/27/2016 10:18:36 PM	Gathering indexes
2/27/2016 10:18:36 PM	Gathering statistics
2/27/2016 10:18:36 PM	Gathering full-text index stoplists
2/27/2016 10:18:36 PM	Gathering search property lists
2/27/2016 10:18:36 PM	Gathering search properties
2/27/2016 10:18:36 PM	Gathering full-text indexes
2/27/2016 10:18:36 PM	Gathering column store indexes
2/27/2016 10:18:36 PM	Gathering spatial indexes
2/27/2016 10:18:36 PM	Gathering XML indexes
2/27/2016 10:18:36 PM	Gathering Selective XML indexes
2/27/2016 10:18:36 PM	Gathering encrypted triggers
2/27/2016 10:18:36 PM	Gathering triggers
2/27/2016 10:18:36 PM	Gathering encrypted and clr ddl triggers
2/27/2016 10:18:36 PM	Gathering ddl triggers
2/27/2016 10:18:36 PM	Gathering synonyms
2/27/2016 10:18:36 PM	Gathering defaults
2/27/2016 10:18:36 PM	Gathering data constraint uddt bindings
2/27/2016 10:18:36 PM	Gathering rules
2/27/2016 10:18:36 PM	Gathering data constraint uddt bindings
2/27/2016 10:18:36 PM	Gathering message types
2/27/2016 10:18:36 PM	Gathering queues
2/27/2016 10:18:36 PM	Gathering contracts
2/27/2016 10:18:36 PM	Gathering services
2/27/2016 10:18:36 PM	Gathering event notifications
2/27/2016 10:18:36 PM	Gathering remote service bindings
2/27/2016 10:18:36 PM	Gathering broker priorities
2/27/2016 10:18:36 PM	Gathering signatures
2/27/2016 10:18:36 PM	Gathering data compression options
2/27/2016 10:18:36 PM	Gathering sequence types
2/27/2016 10:18:36 PM	Gathering extended properties
2/27/2016 10:18:37 PM	Scanning project for duplicate elements
2/27/2016 10:18:37 PM	Finished duplicate element processing
2/27/2016 10:18:37 PM	Finished importing database.
2/27/2016 10:18:37 PM	A summary of the import was saved to the following location: C:\Users\vizconder\Desktop\CastleBlack Application\CastleBlack\CastleBlack\Import Schema Logs\CastleBlack_20160228061825.log
2/27/2016 10:18:37 PM	Click Finish to continue...
